<?xml version="1.0" encoding="UTF-8" ?>
<testsuite errors="4" failures="0" hostname="sai" name="com.test.automation.JenkinsDemo.Testsuite" tests="4" time="80.328" timestamp="2014-11-24T17:27:00">
  <properties>
    <property name="java.vendor" value="Sun Microsystems Inc." />
    <property name="env.MOZ_PLUGIN_PATH" value="C:\PROGRAM FILES (X86)\FOXIT SOFTWARE\FOXIT READER\plugins\" />
    <property name="env.USERDOMAIN_ROAMINGPROFILE" value="sai" />
    <property name="sun.java.launcher" value="SUN_STANDARD" />
    <property name="eclipse.pdebuild.templates" value="/D:/softwares/Testing/eclipse-jee-kepler-SR1-win32-x86_64 (1)/eclipse/plugins/org.eclipse.pde.build_3.8.100.v20130514-1028/templates/" />
    <property name="sun.management.compiler" value="HotSpot Client Compiler" />
    <property name="env.PROMPT" value="$P$G" />
    <property name="os.name" value="Windows NT (unknown)" />
    <property name="env.FP_NO_HOST_CHECK" value="NO" />
    <property name="sun.boot.class.path" value="C:\Program Files (x86)\Java\jre6\lib\resources.jar;C:\Program Files (x86)\Java\jre6\lib\rt.jar;C:\Program Files (x86)\Java\jre6\lib\sunrsasign.jar;C:\Program Files (x86)\Java\jre6\lib\jsse.jar;C:\Program Files (x86)\Java\jre6\lib\jce.jar;C:\Program Files (x86)\Java\jre6\lib\charsets.jar;C:\Program Files (x86)\Java\jre6\classes" />
    <property name="env.COMPUTERNAME" value="SAI" />
    <property name="env.CommonProgramW6432" value="C:\Program Files\Common Files" />
    <property name="env.ALLUSERSPROFILE" value="C:\ProgramData" />
    <property name="sun.desktop" value="windows" />
    <property name="java.vm.specification.vendor" value="Sun Microsystems Inc." />
    <property name="ant.home" value="D:\softwares\Testing\eclipse-jee-kepler-SR1-win32-x86_64 (1)\eclipse\plugins\org.apache.ant_1.8.4.v201303080030" />
    <property name="java.runtime.version" value="1.6.0_21-b06" />
    <property name="env.HOMEPATH" value="\Users\Administrator" />
    <property name="user.name" value="Administrator" />
    <property name="user.language" value="en" />
    <property name="sun.boot.library.path" value="C:\Program Files (x86)\Java\jre6\bin" />
    <property name="ant.project.default-target" value="build" />
    <property name="ant.project.name" value="JenkinsDemo" />
    <property name="java.version" value="1.6.0_21" />
    <property name="env.PROCESSOR_IDENTIFIER" value="Intel64 Family 6 Model 23 Stepping 10, GenuineIntel" />
    <property name="user.timezone" value="" />
    <property name="env.TEMP" value="C:\Users\ADMINI~1\AppData\Local\Temp" />
    <property name="sun.arch.data.model" value="32" />
    <property name="env.TOMCATHOME" value="C:\apache-tomcat-6.0.41\" />
    <property name="java.endorsed.dirs" value="C:\Program Files (x86)\Java\jre6\lib\endorsed" />
    <property name="env.PROCESSOR_ARCHITEW6432" value="AMD64" />
    <property name="sun.cpu.isalist" value="pentium_pro+mmx pentium_pro pentium+mmx pentium i486 i386 i86" />
    <property name="env.HOMEDRIVE" value="C:" />
    <property name="sun.jnu.encoding" value="Cp1252" />
    <property name="file.encoding.pkg" value="sun.io" />
    <property name="env.VS110COMNTOOLS" value="C:\Program Files (x86)\Microsoft Visual Studio 11.0\Common7\Tools\" />
    <property name="ECLIPSE_HOME" value="D:/softwares/Testing/eclipse-jee-kepler-SR1-win32-x86_64 (1)/eclipse" />
    <property name="file.separator" value="\" />
    <property name="java.specification.name" value="Java Platform API Specification" />
    <property name="java.class.version" value="50.0" />
    <property name="user.country" value="US" />
    <property name="java.home" value="C:\Program Files (x86)\Java\jre6" />
    <property name="env.PSModulePath" value="C:\Windows\system32\WindowsPowerShell\v1.0\Modules\" />
    <property name="env.APPDATA" value="C:\Users\Administrator\AppData\Roaming" />
    <property name="env.PUBLIC" value="C:\Users\Public" />
    <property name="java.vm.info" value="mixed mode" />
    <property name="env.ComSpec" value="C:\Windows\system32\cmd.exe" />
    <property name="env.OS" value="Windows_NT" />
    <property name="env.CommonProgramFiles" value="C:\Program Files (x86)\Common Files" />
    <property name="ant.file" value="C:\Users\Administrator\Desktop\Jenkinsdemo\build.xml" />
    <property name="os.version" value="6.2" />
    <property name="env.ProgramW6432" value="C:\Program Files" />
    <property name="env.%SIKULI_HOME%" value="C:\sikuli" />
    <property name="env.SCITE_USERHOME" value="C:\Users\Administrator\AppData\Local\AutoIt v3\SciTE" />
    <property name="path.separator" value=";" />
    <property name="java.vm.version" value="17.0-b16" />
    <property name="user.variant" value="" />
    <property name="env.USERPROFILE" value="C:\Users\Administrator" />
    <property name="ant.library.dir" value="D:\softwares\Testing\eclipse-jee-kepler-SR1-win32-x86_64 (1)\eclipse\plugins\org.apache.ant_1.8.4.v201303080030\lib" />
    <property name="junit.output.dir" value="junit" />
    <property name="env.JAVA_HOME" value="C:\Program Files\Java\jdk1.8.0_05" />
    <property name="java.awt.printerjob" value="sun.awt.windows.WPrinterJob" />
    <property name="env.TMP" value="C:\Users\ADMINI~1\AppData\Local\Temp" />
    <property name="sun.io.unicode.encoding" value="UnicodeLittle" />
    <property name="awt.toolkit" value="sun.awt.windows.WToolkit" />
    <property name="eclipse.pdebuild.scripts" value="/D:/softwares/Testing/eclipse-jee-kepler-SR1-win32-x86_64 (1)/eclipse/plugins/org.eclipse.pde.build_3.8.100.v20130514-1028/scripts/" />
    <property name="user.home" value="C:\Users\Administrator" />
    <property name="target" value="1.6" />
    <property name="env.ProgramData" value="C:\ProgramData" />
    <property name="env.SESSIONNAME" value="Console" />
    <property name="env.ProgramFiles(x86)" value="C:\Program Files (x86)" />
    <property name="java.specification.vendor" value="Sun Microsystems Inc." />
    <property name="java.vendor.url" value="http://java.sun.com/" />
    <property name="env.SSH" value="C:\Program Files (x86)\Git\bin;" />
    <property name="env.NUMBER_OF_PROCESSORS" value="2" />
    <property name="java.library.path" value="C:\Program Files (x86)\Java\jre6\bin;.;C:\Windows\Sun\Java\bin;C:\Windows\system32;C:\Windows;C:\Perl64\site\bin;C:\Perl64\bin;C:\Windows\system32;C:\Windows;C:\Windows\System32\Wbem;C:\Windows\System32\WindowsPowerShell\v1.0\;C:\Program Files (x86)\Microsoft ASP.NET\ASP.NET Web Pages\v1.0\;C:\Program Files (x86)\Windows Kits\8.0\Windows Performance Toolkit\;C:\Program Files\Microsoft SQL Server\110\Tools\Binn\;C:\Program Files (x86)\VisualSVN Server\bin;C:\Program Files\TortoiseSVN\bin;C:\ANT\bin;C:\Program Files\Microsoft\Web Platform Installer\;C:\cygwin64\bin;C:\cygwin64;C:\Program Files\Java\jdk1.8.0_05\bin;C:\Program Files (x86)\nodejs\;C:\Program Files (x86)\Git\bin;C:\Program Files (x86)\Sikuli X\libs;C:\Program Files (x86)\Java\jre6\\bin;C:\Users\Administrator\AppData\Roaming\npm" />
    <property name="java.vm.vendor" value="Sun Microsystems Inc." />
    <property name="env.SIKULI_HOME" value="C:\Program Files (x86)\Sikuli X\" />
    <property name="java.runtime.name" value="Java(TM) SE Runtime Environment" />
    <property name="ant.version" value="Apache Ant(TM) version 1.8.4 compiled on May 22 2012" />
    <property name="java.class.path" value="C:\Users\Administrator\Desktop\Jenkinsdemo\bin;D:\softwares\Testing\selenium\selenium-java-2.44.0\selenium-2.44.0\selenium-java-2.44.0.jar;D:\softwares\Testing\selenium\selenium-java-2.44.0\selenium-2.44.0\selenium-java-2.44.0-srcs.jar;D:\softwares\Testing\selenium\selenium-java-2.44.0\selenium-2.44.0\libs\apache-mime4j-0.6.jar;D:\softwares\Testing\selenium\selenium-java-2.44.0\selenium-2.44.0\libs\bsh-1.3.0.jar;D:\softwares\Testing\selenium\selenium-java-2.44.0\selenium-2.44.0\libs\cglib-nodep-2.1_3.jar;D:\softwares\Testing\selenium\selenium-java-2.44.0\selenium-2.44.0\libs\commons-codec-1.9.jar;D:\softwares\Testing\selenium\selenium-java-2.44.0\selenium-2.44.0\libs\commons-collections-3.2.1.jar;D:\softwares\Testing\selenium\selenium-java-2.44.0\selenium-2.44.0\libs\commons-exec-1.1.jar;D:\softwares\Testing\selenium\selenium-java-2.44.0\selenium-2.44.0\libs\commons-io-2.4.jar;D:\softwares\Testing\selenium\selenium-java-2.44.0\selenium-2.44.0\libs\commons-jxpath-1.3.jar;D:\softwares\Testing\selenium\selenium-java-2.44.0\selenium-2.44.0\libs\commons-lang3-3.3.2.jar;D:\softwares\Testing\selenium\selenium-java-2.44.0\selenium-2.44.0\libs\commons-logging-1.1.3.jar;D:\softwares\Testing\selenium\selenium-java-2.44.0\selenium-2.44.0\libs\cssparser-0.9.14.jar;D:\softwares\Testing\selenium\selenium-java-2.44.0\selenium-2.44.0\libs\gson-2.3.jar;D:\softwares\Testing\selenium\selenium-java-2.44.0\selenium-2.44.0\libs\guava-18.0.jar;D:\softwares\Testing\selenium\selenium-java-2.44.0\selenium-2.44.0\libs\hamcrest-core-1.3.jar;D:\softwares\Testing\selenium\selenium-java-2.44.0\selenium-2.44.0\libs\hamcrest-library-1.3.jar;D:\softwares\Testing\selenium\selenium-java-2.44.0\selenium-2.44.0\libs\htmlunit-2.15.jar;D:\softwares\Testing\selenium\selenium-java-2.44.0\selenium-2.44.0\libs\htmlunit-core-js-2.15.jar;D:\softwares\Testing\selenium\selenium-java-2.44.0\selenium-2.44.0\libs\httpclient-4.3.4.jar;D:\softwares\Testing\selenium\selenium-java-2.44.0\selenium-2.44.0\libs\httpcore-4.3.2.jar;D:\softwares\Testing\selenium\selenium-java-2.44.0\selenium-2.44.0\libs\httpmime-4.3.4.jar;D:\softwares\Testing\selenium\selenium-java-2.44.0\selenium-2.44.0\libs\ini4j-0.5.2.jar;D:\softwares\Testing\selenium\selenium-java-2.44.0\selenium-2.44.0\libs\jcommander-1.29.jar;D:\softwares\Testing\selenium\selenium-java-2.44.0\selenium-2.44.0\libs\jetty-websocket-8.1.8.jar;D:\softwares\Testing\selenium\selenium-java-2.44.0\selenium-2.44.0\libs\jna-3.4.0.jar;D:\softwares\Testing\selenium\selenium-java-2.44.0\selenium-2.44.0\libs\jna-platform-3.4.0.jar;D:\softwares\Testing\selenium\selenium-java-2.44.0\selenium-2.44.0\libs\junit-dep-4.11.jar;D:\softwares\Testing\selenium\selenium-java-2.44.0\selenium-2.44.0\libs\nekohtml-1.9.21.jar;D:\softwares\Testing\selenium\selenium-java-2.44.0\selenium-2.44.0\libs\netty-3.5.7.Final.jar;D:\softwares\Testing\selenium\selenium-java-2.44.0\selenium-2.44.0\libs\operadriver-1.5.jar;D:\softwares\Testing\selenium\selenium-java-2.44.0\selenium-2.44.0\libs\phantomjsdriver-1.1.0.jar;D:\softwares\Testing\selenium\selenium-java-2.44.0\selenium-2.44.0\libs\protobuf-java-2.4.1.jar;D:\softwares\Testing\selenium\selenium-java-2.44.0\selenium-2.44.0\libs\sac-1.3.jar;D:\softwares\Testing\selenium\selenium-java-2.44.0\selenium-2.44.0\libs\serializer-2.7.1.jar;D:\softwares\Testing\selenium\selenium-java-2.44.0\selenium-2.44.0\libs\testng-6.8.5.jar;D:\softwares\Testing\selenium\selenium-java-2.44.0\selenium-2.44.0\libs\xalan-2.7.1.jar;D:\softwares\Testing\selenium\selenium-java-2.44.0\selenium-2.44.0\libs\xercesImpl-2.11.0.jar;D:\softwares\Testing\selenium\selenium-java-2.44.0\selenium-2.44.0\libs\xml-apis-1.4.01.jar;D:\softwares\Testing\eclipse-jee-kepler-SR1-win32-x86_64 (1)\eclipse\plugins\org.junit_4.11.0.v201303080030\junit.jar;D:\softwares\Testing\eclipse-jee-kepler-SR1-win32-x86_64 (1)\eclipse\plugins\org.hamcrest.core_1.3.0.v201303031735.jar;D:\softwares\Testing\eclipse-jee-kepler-SR1-win32-x86_64 (1)\eclipse\plugins\org.apache.ant_1.8.4.v201303080030\lib\ant-launcher.jar;D:\softwares\Testing\eclipse-jee-kepler-SR1-win32-x86_64 (1)\eclipse\plugins\org.apache.ant_1.8.4.v201303080030\lib\ant.jar;D:\softwares\Testing\eclipse-jee-kepler-SR1-win32-x86_64 (1)\eclipse\plugins\org.apache.ant_1.8.4.v201303080030\lib\ant-junit.jar;D:\softwares\Testing\eclipse-jee-kepler-SR1-win32-x86_64 (1)\eclipse\plugins\org.apache.ant_1.8.4.v201303080030\lib\ant-junit4.jar" />
    <property name="java.vm.specification.name" value="Java Virtual Machine Specification" />
    <property name="env.windir" value="C:\Windows" />
    <property name="env.LOGONSERVER" value="\\SAI" />
    <property name="env.PROCESSOR_ARCHITECTURE" value="x86" />
    <property name="java.vm.specification.version" value="1.0" />
    <property name="ant.file.JenkinsDemo" value="C:\Users\Administrator\Desktop\Jenkinsdemo\build.xml" />
    <property name="sun.os.patch.level" value="" />
    <property name="sun.cpu.endian" value="little" />
    <property name="debuglevel" value="source,lines,vars" />
    <property name="env.ProgramFiles" value="C:\Program Files (x86)" />
    <property name="env.ANT_HOME" value="D:\softwares\Testing\eclipse-jee-kepler-SR1-win32-x86_64 (1)\eclipse\plugins\org.apache.ant_1.8.4.v201303080030" />
    <property name="env.PROCESSOR_REVISION" value="170a" />
    <property name="eclipse.pdebuild.home" value="/D:/softwares/Testing/eclipse-jee-kepler-SR1-win32-x86_64 (1)/eclipse/plugins/org.eclipse.pde.build_3.8.100.v20130514-1028/./" />
    <property name="java.io.tmpdir" value="C:\Users\ADMINI~1\AppData\Local\Temp\" />
    <property name="env.CommonProgramFiles(x86)" value="C:\Program Files (x86)\Common Files" />
    <property name="env.VBOX_INSTALL_PATH" value="C:\Program Files\Oracle\VirtualBox\" />
    <property name="java.vendor.url.bug" value="http://java.sun.com/cgi-bin/bugreport.cgi" />
    <property name="env.SystemRoot" value="C:\Windows" />
    <property name="java.awt.graphicsenv" value="sun.awt.Win32GraphicsEnvironment" />
    <property name="os.arch" value="x86" />
    <property name="java.ext.dirs" value="C:\Program Files (x86)\Java\jre6\lib\ext;C:\Windows\Sun\Java\lib\ext" />
    <property name="env.LOCALAPPDATA" value="C:\Users\Administrator\AppData\Local" />
    <property name="user.dir" value="C:\Users\Administrator\Desktop\Jenkinsdemo" />
    <property name="line.separator" value="&#xd;&#xa;" />
    <property name="java.vm.name" value="Java HotSpot(TM) Client VM" />
    <property name="env.PATHEXT" value=".COM;.EXE;.BAT;.CMD;.VBS;.VBE;.JS;.JSE;.WSF;.WSH;.MSC" />
    <property name="org.apache.tools.ant.taskdefs.optional.junit.AggregateTransformer0" value="C:\Users\ADMINI~1\AppData\Local\Temp\null1157869188" />
    <property name="env.Path" value="C:\Perl64\site\bin;C:\Perl64\bin;C:\Windows\system32;C:\Windows;C:\Windows\System32\Wbem;C:\Windows\System32\WindowsPowerShell\v1.0\;C:\Program Files (x86)\Microsoft ASP.NET\ASP.NET Web Pages\v1.0\;C:\Program Files (x86)\Windows Kits\8.0\Windows Performance Toolkit\;C:\Program Files\Microsoft SQL Server\110\Tools\Binn\;C:\Program Files (x86)\VisualSVN Server\bin;C:\Program Files\TortoiseSVN\bin;C:\ANT\bin;C:\Program Files\Microsoft\Web Platform Installer\;C:\cygwin64\bin;C:\cygwin64;C:\Program Files\Java\jdk1.8.0_05\bin;C:\Program Files (x86)\nodejs\;C:\Program Files (x86)\Git\bin;C:\Program Files (x86)\Sikuli X\libs;C:\Program Files (x86)\Java\jre6\\bin;C:\Users\Administrator\AppData\Roaming\npm" />
    <property name="basedir" value="C:\Users\Administrator\Desktop\Jenkinsdemo" />
    <property name="env.VISUALSVN_SERVER" value="C:\Program Files (x86)\VisualSVN Server\" />
    <property name="ant.java.version" value="1.6" />
    <property name="ant.core.lib" value="D:\softwares\Testing\eclipse-jee-kepler-SR1-win32-x86_64 (1)\eclipse\plugins\org.apache.ant_1.8.4.v201303080030\lib\ant.jar" />
    <property name="env.USERNAME" value="Administrator" />
    <property name="source" value="1.6" />
    <property name="env.SystemDrive" value="C:" />
    <property name="file.encoding" value="Cp1252" />
    <property name="env.USERDOMAIN" value="sai" />
    <property name="ant.file.type.JenkinsDemo" value="file" />
    <property name="java.specification.version" value="1.6" />
    <property name="ant.project.invoked-targets" value="build,junitreport,Testsuite,cleanall" />
    <property name="env.PROCESSOR_LEVEL" value="6" />
    <property name="env.JAVA_PATH" value="C:\Program Files\Java\jdk1.8.0_05\bin;" />
  </properties>
  <testcase classname="com.test.automation.JenkinsDemo.AmazonAutomationTest" name="test" time="26.868">
    <error message="Error communicating with the remote browser. It may have died.&#xa;Build info: version: &apos;2.44.0&apos;, revision: &apos;76d78cf&apos;, time: &apos;2014-10-23 20:03:00&apos;&#xa;System info: host: &apos;sai&apos;, ip: &apos;192.168.0.102&apos;, os.name: &apos;Windows NT (unknown)&apos;, os.arch: &apos;x86&apos;, os.version: &apos;6.2&apos;, java.version: &apos;1.6.0_21&apos;&#xa;Driver info: driver.version: RemoteWebDriver" type="org.openqa.selenium.remote.UnreachableBrowserException">org.openqa.selenium.remote.UnreachableBrowserException: Error communicating with the remote browser. It may have died.
Build info: version: &apos;2.44.0&apos;, revision: &apos;76d78cf&apos;, time: &apos;2014-10-23 20:03:00&apos;
System info: host: &apos;sai&apos;, ip: &apos;192.168.0.102&apos;, os.name: &apos;Windows NT (unknown)&apos;, os.arch: &apos;x86&apos;, os.version: &apos;6.2&apos;, java.version: &apos;1.6.0_21&apos;
Driver info: driver.version: RemoteWebDriver
	at org.openqa.selenium.remote.RemoteWebDriver.execute(RemoteWebDriver.java:593)
	at org.openqa.selenium.remote.RemoteWebDriver.get(RemoteWebDriver.java:304)
	at com.test.automation.JenkinsDemo.AmazonAutomationTest.openbrowser(AmazonAutomationTest.java:19)
Caused by: org.apache.http.conn.HttpHostConnectException: Connect to 127.0.0.1:7055 [/127.0.0.1] failed: Connection refused: connect
	at org.apache.http.impl.conn.HttpClientConnectionOperator.connect(HttpClientConnectionOperator.java:140)
	at org.apache.http.impl.conn.PoolingHttpClientConnectionManager.connect(PoolingHttpClientConnectionManager.java:318)
	at org.apache.http.impl.execchain.MainClientExec.establishRoute(MainClientExec.java:363)
	at org.apache.http.impl.execchain.MainClientExec.execute(MainClientExec.java:219)
	at org.apache.http.impl.execchain.ProtocolExec.execute(ProtocolExec.java:195)
	at org.apache.http.impl.execchain.RetryExec.execute(RetryExec.java:86)
	at org.apache.http.impl.execchain.RedirectExec.execute(RedirectExec.java:108)
	at org.apache.http.impl.client.InternalHttpClient.doExecute(InternalHttpClient.java:184)
	at org.apache.http.impl.client.CloseableHttpClient.execute(CloseableHttpClient.java:72)
	at org.apache.http.impl.client.CloseableHttpClient.execute(CloseableHttpClient.java:57)
	at org.openqa.selenium.remote.HttpCommandExecutor.fallBackExecute(HttpCommandExecutor.java:233)
	at org.openqa.selenium.remote.HttpCommandExecutor.execute(HttpCommandExecutor.java:184)
	at org.openqa.selenium.firefox.internal.NewProfileExtensionConnection.execute(NewProfileExtensionConnection.java:165)
	at org.openqa.selenium.firefox.FirefoxDriver$LazyCommandExecutor.execute(FirefoxDriver.java:362)
	at org.openqa.selenium.remote.RemoteWebDriver.execute(RemoteWebDriver.java:572)
Caused by: java.net.ConnectException: Connection refused: connect
	at java.net.PlainSocketImpl.socketConnect(Native Method)
	at java.net.PlainSocketImpl.doConnect(Unknown Source)
	at java.net.PlainSocketImpl.connectToAddress(Unknown Source)
	at java.net.PlainSocketImpl.connect(Unknown Source)
	at java.net.SocksSocketImpl.connect(Unknown Source)
	at java.net.Socket.connect(Unknown Source)
	at org.apache.http.conn.socket.PlainConnectionSocketFactory.connectSocket(PlainConnectionSocketFactory.java:72)
	at org.apache.http.impl.conn.HttpClientConnectionOperator.connect(HttpClientConnectionOperator.java:123)
</error>
  </testcase>
  <testcase classname="com.test.automation.JenkinsDemo.FacebookAutomation" name="test" time="18.327">
    <error message="Window not found. The browser window may have been closed.&#xa;Command duration or timeout: 43 milliseconds&#xa;Build info: version: &apos;2.44.0&apos;, revision: &apos;76d78cf&apos;, time: &apos;2014-10-23 20:03:00&apos;&#xa;System info: host: &apos;sai&apos;, ip: &apos;192.168.0.102&apos;, os.name: &apos;Windows NT (unknown)&apos;, os.arch: &apos;x86&apos;, os.version: &apos;6.2&apos;, java.version: &apos;1.6.0_21&apos;&#xa;Session ID: a4a2dfd8-f831-41a8-99f2-8a262a57186c&#xa;Driver info: org.openqa.selenium.firefox.FirefoxDriver&#xa;Capabilities [{platform=WINDOWS, acceptSslCerts=true, javascriptEnabled=true, browserName=firefox, rotatable=false, locationContextEnabled=true, version=33.1.1, cssSelectorsEnabled=true, databaseEnabled=true, handlesAlerts=true, nativeEvents=true, webStorageEnabled=true, applicationCacheEnabled=true, takesScreenshot=true}]" type="org.openqa.selenium.NoSuchWindowException">org.openqa.selenium.NoSuchWindowException: Window not found. The browser window may have been closed.
Command duration or timeout: 43 milliseconds
Build info: version: &apos;2.44.0&apos;, revision: &apos;76d78cf&apos;, time: &apos;2014-10-23 20:03:00&apos;
System info: host: &apos;sai&apos;, ip: &apos;192.168.0.102&apos;, os.name: &apos;Windows NT (unknown)&apos;, os.arch: &apos;x86&apos;, os.version: &apos;6.2&apos;, java.version: &apos;1.6.0_21&apos;
Session ID: a4a2dfd8-f831-41a8-99f2-8a262a57186c
Driver info: org.openqa.selenium.firefox.FirefoxDriver
Capabilities [{platform=WINDOWS, acceptSslCerts=true, javascriptEnabled=true, browserName=firefox, rotatable=false, locationContextEnabled=true, version=33.1.1, cssSelectorsEnabled=true, databaseEnabled=true, handlesAlerts=true, nativeEvents=true, webStorageEnabled=true, applicationCacheEnabled=true, takesScreenshot=true}]
	at java.lang.reflect.Constructor.newInstance(Unknown Source)
	at org.openqa.selenium.remote.ErrorHandler.createThrowable(ErrorHandler.java:204)
	at org.openqa.selenium.remote.ErrorHandler.throwIfResponseFailed(ErrorHandler.java:156)
	at org.openqa.selenium.remote.RemoteWebDriver.execute(RemoteWebDriver.java:599)
	at org.openqa.selenium.remote.RemoteWebDriver.get(RemoteWebDriver.java:304)
	at com.test.automation.JenkinsDemo.FacebookAutomation.openbrowser(FacebookAutomation.java:19)
Caused by: org.openqa.selenium.NoSuchWindowException: Window not found. The browser window may have been closed.
Build info: version: &apos;2.44.0&apos;, revision: &apos;76d78cf&apos;, time: &apos;2014-10-23 20:03:00&apos;
System info: host: &apos;sai&apos;, ip: &apos;192.168.0.102&apos;, os.name: &apos;Windows NT (unknown)&apos;, os.arch: &apos;x86&apos;, os.version: &apos;6.2&apos;, java.version: &apos;1.6.0_21&apos;
Driver info: driver.version: unknown
	at &lt;anonymous class&gt;.nsCommandProcessor.prototype.execute(file:///C:/Users/ADMINI~1/AppData/Local/Temp/anonymous5651686137006946642webdriver-profile/extensions/fxdriver@googlecode.com/components/command-processor.js:11706:23)
	at &lt;anonymous class&gt;.Dispatcher.executeAs/&lt;(file:///C:/Users/ADMINI~1/AppData/Local/Temp/anonymous5651686137006946642webdriver-profile/extensions/fxdriver@googlecode.com/components/driver-component.js:8437:5)
	at &lt;anonymous class&gt;.Resource.prototype.handle(file:///C:/Users/ADMINI~1/AppData/Local/Temp/anonymous5651686137006946642webdriver-profile/extensions/fxdriver@googlecode.com/components/driver-component.js:8584:219)
	at &lt;anonymous class&gt;.Dispatcher.prototype.dispatch(file:///C:/Users/ADMINI~1/AppData/Local/Temp/anonymous5651686137006946642webdriver-profile/extensions/fxdriver@googlecode.com/components/driver-component.js:8531:36)
	at &lt;anonymous class&gt;.WebDriverServer/&lt;.handle(file:///C:/Users/ADMINI~1/AppData/Local/Temp/anonymous5651686137006946642webdriver-profile/extensions/fxdriver@googlecode.com/components/driver-component.js:11489:5)
	at &lt;anonymous class&gt;.createHandlerFunc/&lt;(file:///C:/Users/ADMINI~1/AppData/Local/Temp/anonymous5651686137006946642webdriver-profile/extensions/fxdriver@googlecode.com/components/httpd.js:1935:41)
	at &lt;anonymous class&gt;.ServerHandler.prototype.handleResponse(file:///C:/Users/ADMINI~1/AppData/Local/Temp/anonymous5651686137006946642webdriver-profile/extensions/fxdriver@googlecode.com/components/httpd.js:2261:15)
	at &lt;anonymous class&gt;.Connection.prototype.process(file:///C:/Users/ADMINI~1/AppData/Local/Temp/anonymous5651686137006946642webdriver-profile/extensions/fxdriver@googlecode.com/components/httpd.js:1168:5)
	at &lt;anonymous class&gt;.RequestReader.prototype._handleResponse(file:///C:/Users/ADMINI~1/AppData/Local/Temp/anonymous5651686137006946642webdriver-profile/extensions/fxdriver@googlecode.com/components/httpd.js:1616:5)
	at &lt;anonymous class&gt;.RequestReader.prototype._processBody(file:///C:/Users/ADMINI~1/AppData/Local/Temp/anonymous5651686137006946642webdriver-profile/extensions/fxdriver@googlecode.com/components/httpd.js:1464:9)
	at &lt;anonymous class&gt;.RequestReader.prototype.onInputStreamReady(file:///C:/Users/ADMINI~1/AppData/Local/Temp/anonymous5651686137006946642webdriver-profile/extensions/fxdriver@googlecode.com/components/httpd.js:1333:9)
</error>
  </testcase>
  <testcase classname="com.test.automation.JenkinsDemo.GmailAutomation" name="test" time="17.316">
    <error message="Window not found. The browser window may have been closed.&#xa;Command duration or timeout: 77 milliseconds&#xa;Build info: version: &apos;2.44.0&apos;, revision: &apos;76d78cf&apos;, time: &apos;2014-10-23 20:03:00&apos;&#xa;System info: host: &apos;sai&apos;, ip: &apos;192.168.0.102&apos;, os.name: &apos;Windows NT (unknown)&apos;, os.arch: &apos;x86&apos;, os.version: &apos;6.2&apos;, java.version: &apos;1.6.0_21&apos;&#xa;Session ID: 95f4ad08-f2d7-436d-853d-870c99894ede&#xa;Driver info: org.openqa.selenium.firefox.FirefoxDriver&#xa;Capabilities [{platform=WINDOWS, acceptSslCerts=true, javascriptEnabled=true, browserName=firefox, rotatable=false, locationContextEnabled=true, version=33.1.1, cssSelectorsEnabled=true, databaseEnabled=true, handlesAlerts=true, nativeEvents=true, webStorageEnabled=true, applicationCacheEnabled=true, takesScreenshot=true}]" type="org.openqa.selenium.NoSuchWindowException">org.openqa.selenium.NoSuchWindowException: Window not found. The browser window may have been closed.
Command duration or timeout: 77 milliseconds
Build info: version: &apos;2.44.0&apos;, revision: &apos;76d78cf&apos;, time: &apos;2014-10-23 20:03:00&apos;
System info: host: &apos;sai&apos;, ip: &apos;192.168.0.102&apos;, os.name: &apos;Windows NT (unknown)&apos;, os.arch: &apos;x86&apos;, os.version: &apos;6.2&apos;, java.version: &apos;1.6.0_21&apos;
Session ID: 95f4ad08-f2d7-436d-853d-870c99894ede
Driver info: org.openqa.selenium.firefox.FirefoxDriver
Capabilities [{platform=WINDOWS, acceptSslCerts=true, javascriptEnabled=true, browserName=firefox, rotatable=false, locationContextEnabled=true, version=33.1.1, cssSelectorsEnabled=true, databaseEnabled=true, handlesAlerts=true, nativeEvents=true, webStorageEnabled=true, applicationCacheEnabled=true, takesScreenshot=true}]
	at java.lang.reflect.Constructor.newInstance(Unknown Source)
	at org.openqa.selenium.remote.ErrorHandler.createThrowable(ErrorHandler.java:204)
	at org.openqa.selenium.remote.ErrorHandler.throwIfResponseFailed(ErrorHandler.java:156)
	at org.openqa.selenium.remote.RemoteWebDriver.execute(RemoteWebDriver.java:599)
	at org.openqa.selenium.remote.RemoteWebDriver.get(RemoteWebDriver.java:304)
	at com.test.automation.JenkinsDemo.GmailAutomation.openbrowser(GmailAutomation.java:19)
Caused by: org.openqa.selenium.NoSuchWindowException: Window not found. The browser window may have been closed.
Build info: version: &apos;2.44.0&apos;, revision: &apos;76d78cf&apos;, time: &apos;2014-10-23 20:03:00&apos;
System info: host: &apos;sai&apos;, ip: &apos;192.168.0.102&apos;, os.name: &apos;Windows NT (unknown)&apos;, os.arch: &apos;x86&apos;, os.version: &apos;6.2&apos;, java.version: &apos;1.6.0_21&apos;
Driver info: driver.version: unknown
	at &lt;anonymous class&gt;.nsCommandProcessor.prototype.execute(file:///C:/Users/ADMINI~1/AppData/Local/Temp/anonymous6255598044206560674webdriver-profile/extensions/fxdriver@googlecode.com/components/command-processor.js:11706:23)
	at &lt;anonymous class&gt;.Dispatcher.executeAs/&lt;(file:///C:/Users/ADMINI~1/AppData/Local/Temp/anonymous6255598044206560674webdriver-profile/extensions/fxdriver@googlecode.com/components/driver-component.js:8437:5)
	at &lt;anonymous class&gt;.Resource.prototype.handle(file:///C:/Users/ADMINI~1/AppData/Local/Temp/anonymous6255598044206560674webdriver-profile/extensions/fxdriver@googlecode.com/components/driver-component.js:8584:219)
	at &lt;anonymous class&gt;.Dispatcher.prototype.dispatch(file:///C:/Users/ADMINI~1/AppData/Local/Temp/anonymous6255598044206560674webdriver-profile/extensions/fxdriver@googlecode.com/components/driver-component.js:8531:36)
	at &lt;anonymous class&gt;.WebDriverServer/&lt;.handle(file:///C:/Users/ADMINI~1/AppData/Local/Temp/anonymous6255598044206560674webdriver-profile/extensions/fxdriver@googlecode.com/components/driver-component.js:11489:5)
	at &lt;anonymous class&gt;.createHandlerFunc/&lt;(file:///C:/Users/ADMINI~1/AppData/Local/Temp/anonymous6255598044206560674webdriver-profile/extensions/fxdriver@googlecode.com/components/httpd.js:1935:41)
	at &lt;anonymous class&gt;.ServerHandler.prototype.handleResponse(file:///C:/Users/ADMINI~1/AppData/Local/Temp/anonymous6255598044206560674webdriver-profile/extensions/fxdriver@googlecode.com/components/httpd.js:2261:15)
	at &lt;anonymous class&gt;.Connection.prototype.process(file:///C:/Users/ADMINI~1/AppData/Local/Temp/anonymous6255598044206560674webdriver-profile/extensions/fxdriver@googlecode.com/components/httpd.js:1168:5)
	at &lt;anonymous class&gt;.RequestReader.prototype._handleResponse(file:///C:/Users/ADMINI~1/AppData/Local/Temp/anonymous6255598044206560674webdriver-profile/extensions/fxdriver@googlecode.com/components/httpd.js:1616:5)
	at &lt;anonymous class&gt;.RequestReader.prototype._processBody(file:///C:/Users/ADMINI~1/AppData/Local/Temp/anonymous6255598044206560674webdriver-profile/extensions/fxdriver@googlecode.com/components/httpd.js:1464:9)
	at &lt;anonymous class&gt;.RequestReader.prototype.onInputStreamReady(file:///C:/Users/ADMINI~1/AppData/Local/Temp/anonymous6255598044206560674webdriver-profile/extensions/fxdriver@googlecode.com/components/httpd.js:1333:9)
</error>
  </testcase>
  <testcase classname="com.test.automation.JenkinsDemo.Linkedln" name="test" time="17.439">
    <error message="Window not found. The browser window may have been closed.&#xa;Command duration or timeout: 35 milliseconds&#xa;Build info: version: &apos;2.44.0&apos;, revision: &apos;76d78cf&apos;, time: &apos;2014-10-23 20:03:00&apos;&#xa;System info: host: &apos;sai&apos;, ip: &apos;192.168.0.102&apos;, os.name: &apos;Windows NT (unknown)&apos;, os.arch: &apos;x86&apos;, os.version: &apos;6.2&apos;, java.version: &apos;1.6.0_21&apos;&#xa;Session ID: e0146230-fde2-41a7-bc1f-be5e2b5460b7&#xa;Driver info: org.openqa.selenium.firefox.FirefoxDriver&#xa;Capabilities [{platform=WINDOWS, acceptSslCerts=true, javascriptEnabled=true, browserName=firefox, rotatable=false, locationContextEnabled=true, version=33.1.1, cssSelectorsEnabled=true, databaseEnabled=true, handlesAlerts=true, nativeEvents=true, webStorageEnabled=true, applicationCacheEnabled=true, takesScreenshot=true}]" type="org.openqa.selenium.NoSuchWindowException">org.openqa.selenium.NoSuchWindowException: Window not found. The browser window may have been closed.
Command duration or timeout: 35 milliseconds
Build info: version: &apos;2.44.0&apos;, revision: &apos;76d78cf&apos;, time: &apos;2014-10-23 20:03:00&apos;
System info: host: &apos;sai&apos;, ip: &apos;192.168.0.102&apos;, os.name: &apos;Windows NT (unknown)&apos;, os.arch: &apos;x86&apos;, os.version: &apos;6.2&apos;, java.version: &apos;1.6.0_21&apos;
Session ID: e0146230-fde2-41a7-bc1f-be5e2b5460b7
Driver info: org.openqa.selenium.firefox.FirefoxDriver
Capabilities [{platform=WINDOWS, acceptSslCerts=true, javascriptEnabled=true, browserName=firefox, rotatable=false, locationContextEnabled=true, version=33.1.1, cssSelectorsEnabled=true, databaseEnabled=true, handlesAlerts=true, nativeEvents=true, webStorageEnabled=true, applicationCacheEnabled=true, takesScreenshot=true}]
	at java.lang.reflect.Constructor.newInstance(Unknown Source)
	at org.openqa.selenium.remote.ErrorHandler.createThrowable(ErrorHandler.java:204)
	at org.openqa.selenium.remote.ErrorHandler.throwIfResponseFailed(ErrorHandler.java:156)
	at org.openqa.selenium.remote.RemoteWebDriver.execute(RemoteWebDriver.java:599)
	at org.openqa.selenium.remote.RemoteWebDriver.get(RemoteWebDriver.java:304)
	at com.test.automation.JenkinsDemo.Linkedln.openbrowser(Linkedln.java:20)
Caused by: org.openqa.selenium.NoSuchWindowException: Window not found. The browser window may have been closed.
Build info: version: &apos;2.44.0&apos;, revision: &apos;76d78cf&apos;, time: &apos;2014-10-23 20:03:00&apos;
System info: host: &apos;sai&apos;, ip: &apos;192.168.0.102&apos;, os.name: &apos;Windows NT (unknown)&apos;, os.arch: &apos;x86&apos;, os.version: &apos;6.2&apos;, java.version: &apos;1.6.0_21&apos;
Driver info: driver.version: unknown
	at &lt;anonymous class&gt;.nsCommandProcessor.prototype.execute(file:///C:/Users/ADMINI~1/AppData/Local/Temp/anonymous2492382454842186869webdriver-profile/extensions/fxdriver@googlecode.com/components/command-processor.js:11706:23)
	at &lt;anonymous class&gt;.Dispatcher.executeAs/&lt;(file:///C:/Users/ADMINI~1/AppData/Local/Temp/anonymous2492382454842186869webdriver-profile/extensions/fxdriver@googlecode.com/components/driver-component.js:8437:5)
	at &lt;anonymous class&gt;.Resource.prototype.handle(file:///C:/Users/ADMINI~1/AppData/Local/Temp/anonymous2492382454842186869webdriver-profile/extensions/fxdriver@googlecode.com/components/driver-component.js:8584:219)
	at &lt;anonymous class&gt;.Dispatcher.prototype.dispatch(file:///C:/Users/ADMINI~1/AppData/Local/Temp/anonymous2492382454842186869webdriver-profile/extensions/fxdriver@googlecode.com/components/driver-component.js:8531:36)
	at &lt;anonymous class&gt;.WebDriverServer/&lt;.handle(file:///C:/Users/ADMINI~1/AppData/Local/Temp/anonymous2492382454842186869webdriver-profile/extensions/fxdriver@googlecode.com/components/driver-component.js:11489:5)
	at &lt;anonymous class&gt;.createHandlerFunc/&lt;(file:///C:/Users/ADMINI~1/AppData/Local/Temp/anonymous2492382454842186869webdriver-profile/extensions/fxdriver@googlecode.com/components/httpd.js:1935:41)
	at &lt;anonymous class&gt;.ServerHandler.prototype.handleResponse(file:///C:/Users/ADMINI~1/AppData/Local/Temp/anonymous2492382454842186869webdriver-profile/extensions/fxdriver@googlecode.com/components/httpd.js:2261:15)
	at &lt;anonymous class&gt;.Connection.prototype.process(file:///C:/Users/ADMINI~1/AppData/Local/Temp/anonymous2492382454842186869webdriver-profile/extensions/fxdriver@googlecode.com/components/httpd.js:1168:5)
	at &lt;anonymous class&gt;.RequestReader.prototype._handleResponse(file:///C:/Users/ADMINI~1/AppData/Local/Temp/anonymous2492382454842186869webdriver-profile/extensions/fxdriver@googlecode.com/components/httpd.js:1616:5)
	at &lt;anonymous class&gt;.RequestReader.prototype._processBody(file:///C:/Users/ADMINI~1/AppData/Local/Temp/anonymous2492382454842186869webdriver-profile/extensions/fxdriver@googlecode.com/components/httpd.js:1464:9)
	at &lt;anonymous class&gt;.RequestReader.prototype.onInputStreamReady(file:///C:/Users/ADMINI~1/AppData/Local/Temp/anonymous2492382454842186869webdriver-profile/extensions/fxdriver@googlecode.com/components/httpd.js:1333:9)
</error>
  </testcase>
  <system-out><![CDATA[]]></system-out>
  <system-err><![CDATA[]]></system-err>
</testsuite>
